Flow report for DUT
Fri Sep 08 15:01:27 2023
Quartus Prime Version 18.1.0 Build 625 09/12/2018 SJ Lite Edition


---------------------
; Table of Contents ;
---------------------
  1. Legal Notice
  2. Flow Summary
  3. Flow Settings
  4. Flow Non-Default Global Settings
  5. Flow Elapsed Time
  6. Flow OS Summary
  7. Flow Log
  8. Flow Messages
  9. Flow Suppressed Messages



----------------
; Legal Notice ;
----------------
Copyright (C) 2018  Intel Corporation. All rights reserved.
Your use of Intel Corporation's design tools, logic functions 
and other software and tools, and its AMPP partner logic 
functions, and any output files from any of the foregoing 
(including device programming or simulation files), and any 
associated documentation or information are expressly subject 
to the terms and conditions of the Intel Program License 
Subscription Agreement, the Intel Quartus Prime License Agreement,
the Intel FPGA IP License Agreement, or other applicable license
agreement, including, without limitation, that your use is for
the sole purpose of programming logic devices manufactured by
Intel and sold by Intel or its authorized distributors.  Please
refer to the applicable agreement for further details.



+----------------------------------------------------------------------------------+
; Flow Summary                                                                     ;
+------------------------------------+---------------------------------------------+
; Flow Status                        ; Successful - Fri Sep 08 15:01:27 2023       ;
; Quartus Prime Version              ; 18.1.0 Build 625 09/12/2018 SJ Lite Edition ;
; Revision Name                      ; DUT                                         ;
; Top-level Entity Name              ; TopLevel                                    ;
; Family                             ; MAX 10                                      ;
; Device                             ; 10M25SAE144C8G                              ;
; Timing Models                      ; Final                                       ;
; Total logic elements               ; 182 / 24,960 ( < 1 % )                      ;
;     Total combinational functions  ; 163 / 24,960 ( < 1 % )                      ;
;     Dedicated logic registers      ; 97 / 24,960 ( < 1 % )                       ;
; Total registers                    ; 97                                          ;
; Total pins                         ; 5 / 101 ( 5 % )                             ;
; Total virtual pins                 ; 0                                           ;
; Total memory bits                  ; 0 / 691,200 ( 0 % )                         ;
; Embedded Multiplier 9-bit elements ; 0 / 110 ( 0 % )                             ;
; Total PLLs                         ; 0 / 1 ( 0 % )                               ;
; UFM blocks                         ; 0 / 1 ( 0 % )                               ;
; ADC blocks                         ; 0 / 1 ( 0 % )                               ;
+------------------------------------+---------------------------------------------+


+-----------------------------------------+
; Flow Settings                           ;
+-------------------+---------------------+
; Option            ; Setting             ;
+-------------------+---------------------+
; Start date & time ; 09/08/2023 15:00:54 ;
; Main task         ; Compilation         ;
; Revision Name     ; DUT                 ;
+-------------------+---------------------+


+---------------------------------------------------------------------------------------------------------------------------------------------------------------------------------+
; Flow Non-Default Global Settings                                                                                                                                                ;
+--------------------------------------+-------------------------------------------------------------------------------------------+---------------+-------------+----------------+
; Assignment Name                      ; Value                                                                                     ; Default Value ; Entity Name ; Section Id     ;
+--------------------------------------+-------------------------------------------------------------------------------------------+---------------+-------------+----------------+
; COMPILER_SIGNATURE_ID                ; 96830616476710.169416545407388                                                            ; --            ; --          ; --             ;
; EDA_DESIGN_INSTANCE_NAME             ; dut_instance                                                                              ; --            ; --          ; Testbench.vhdl ;
; EDA_NATIVELINK_SIMULATION_TEST_BENCH ; Testbench.vhdl                                                                            ; --            ; --          ; eda_simulation ;
; EDA_OUTPUT_DATA_FORMAT               ; Vhdl                                                                                      ; --            ; --          ; eda_simulation ;
; EDA_SIMULATION_TOOL                  ; ModelSim-Altera (VHDL)                                                                    ; <None>        ; --          ; --             ;
; EDA_TEST_BENCH_ENABLE_STATUS         ; TEST_BENCH_MODE                                                                           ; --            ; --          ; eda_simulation ;
; EDA_TEST_BENCH_FILE                  ; TRACEFILE.txt                                                                             ; --            ; --          ; Testbench.vhdl ;
; EDA_TEST_BENCH_FILE                  ; Testbench.vhdl                                                                            ; --            ; --          ; Testbench.vhdl ;
; EDA_TEST_BENCH_MODULE_NAME           ; Testbench                                                                                 ; --            ; --          ; Testbench.vhdl ;
; EDA_TEST_BENCH_NAME                  ; Testbench.vhdl                                                                            ; --            ; --          ; eda_simulation ;
; EDA_TIME_SCALE                       ; 1 ps                                                                                      ; --            ; --          ; eda_simulation ;
; FLOW_ENABLE_POWER_ANALYZER           ; On                                                                                        ; Off           ; --          ; --             ;
; MAX_CORE_JUNCTION_TEMP               ; 85                                                                                        ; --            ; --          ; --             ;
; MIN_CORE_JUNCTION_TEMP               ; 0                                                                                         ; --            ; --          ; --             ;
; MISC_FILE                            ; Scan_Chain_Files/Scan_Chain_Files/Scan_Chain_Files/v_jtag/synthesis/../v_jtag.cmp         ; --            ; --          ; --             ;
; MISC_FILE                            ; Scan_Chain_Files/Scan_Chain_Files/Scan_Chain_Files/v_jtag/synthesis/../../v_jtag.qsys     ; --            ; --          ; --             ;
; PARTITION_COLOR                      ; -- (Not supported for targeted family)                                                    ; --            ; TopLevel    ; Top            ;
; PARTITION_FITTER_PRESERVATION_LEVEL  ; -- (Not supported for targeted family)                                                    ; --            ; TopLevel    ; Top            ;
; PARTITION_NETLIST_TYPE               ; -- (Not supported for targeted family)                                                    ; --            ; TopLevel    ; Top            ;
; POWER_BOARD_THERMAL_MODEL            ; None (CONSERVATIVE)                                                                       ; --            ; --          ; --             ;
; POWER_DEFAULT_INPUT_IO_TOGGLE_RATE   ; 12.5 %                                                                                    ; 12.5%         ; --          ; --             ;
; POWER_PRESET_COOLING_SOLUTION        ; 23 MM HEAT SINK WITH 200 LFPM AIRFLOW                                                     ; --            ; --          ; --             ;
; PROJECT_OUTPUT_DIRECTORY             ; output_files                                                                              ; --            ; --          ; --             ;
; SLD_FILE                             ; Scan_Chain_Files/Scan_Chain_Files/Scan_Chain_Files/v_jtag/synthesis/v_jtag.debuginfo      ; --            ; --          ; --             ;
; SLD_INFO                             ; QSYS_NAME v_jtag HAS_SOPCINFO 1 GENERATION_ID 1623670142                                  ; --            ; v_jtag      ; --             ;
; SOPCINFO_FILE                        ; Scan_Chain_Files/Scan_Chain_Files/Scan_Chain_Files/v_jtag/synthesis/../../v_jtag.sopcinfo ; --            ; --          ; --             ;
; SYNTHESIS_ONLY_QIP                   ; On                                                                                        ; --            ; --          ; --             ;
; TOP_LEVEL_ENTITY                     ; TopLevel                                                                                  ; DUT           ; --          ; --             ;
+--------------------------------------+-------------------------------------------------------------------------------------------+---------------+-------------+----------------+


+--------------------------------------------------------------------------------------------------------------------------+
; Flow Elapsed Time                                                                                                        ;
+----------------------+--------------+-------------------------+---------------------+------------------------------------+
; Module Name          ; Elapsed Time ; Average Processors Used ; Peak Virtual Memory ; Total CPU Time (on all processors) ;
+----------------------+--------------+-------------------------+---------------------+------------------------------------+
; Analysis & Synthesis ; 00:00:16     ; 1.0                     ; 4839 MB             ; 00:00:09                           ;
; Fitter               ; 00:00:04     ; 1.1                     ; 5855 MB             ; 00:00:03                           ;
; Assembler            ; 00:00:01     ; 1.0                     ; 4681 MB             ; 00:00:00                           ;
; Power Analyzer       ; 00:00:02     ; 1.1                     ; 4887 MB             ; 00:00:01                           ;
; Timing Analyzer      ; 00:00:02     ; 1.1                     ; 4844 MB             ; 00:00:01                           ;
; EDA Netlist Writer   ; 00:00:01     ; 1.0                     ; 4643 MB             ; 00:00:01                           ;
; Total                ; 00:00:26     ; --                      ; --                  ; 00:00:15                           ;
+----------------------+--------------+-------------------------+---------------------+------------------------------------+


+------------------------------------------------------------------------------------+
; Flow OS Summary                                                                    ;
+----------------------+------------------+------------+------------+----------------+
; Module Name          ; Machine Hostname ; OS Name    ; OS Version ; Processor type ;
+----------------------+------------------+------------+------------+----------------+
; Analysis & Synthesis ; LAPTOP-992H5680  ; Windows 10 ; 10.0       ; x86_64         ;
; Fitter               ; LAPTOP-992H5680  ; Windows 10 ; 10.0       ; x86_64         ;
; Assembler            ; LAPTOP-992H5680  ; Windows 10 ; 10.0       ; x86_64         ;
; Power Analyzer       ; LAPTOP-992H5680  ; Windows 10 ; 10.0       ; x86_64         ;
; Timing Analyzer      ; LAPTOP-992H5680  ; Windows 10 ; 10.0       ; x86_64         ;
; EDA Netlist Writer   ; LAPTOP-992H5680  ; Windows 10 ; 10.0       ; x86_64         ;
+----------------------+------------------+------------+------------+----------------+


------------
; Flow Log ;
------------
quartus_map --read_settings_files=on --write_settings_files=off ALU -c DUT
quartus_fit --read_settings_files=off --write_settings_files=off ALU -c DUT
quartus_asm --read_settings_files=off --write_settings_files=off ALU -c DUT
quartus_pow --read_settings_files=off --write_settings_files=off ALU -c DUT
quartus_sta ALU -c DUT
quartus_eda --read_settings_files=off --write_settings_files=off ALU -c DUT



