Analysis & Synthesis report for DUT
Thu Sep 28 12:13:43 2023
Quartus Prime Version 18.1.0 Build 625 09/12/2018 SJ Lite Edition


---------------------
; Table of Contents ;
---------------------
  1. Legal Notice
  2. Analysis & Synthesis Summary
  3. Analysis & Synthesis Settings
  4. Parallel Compilation
  5. Analysis & Synthesis Source Files Read
  6. Analysis & Synthesis Resource Usage Summary
  7. Analysis & Synthesis Resource Utilization by Entity
  8. General Register Statistics
  9. Port Connectivity Checks: "BCD_X_Flag:add_instance|BCD_X_Add_Sub:BCD_X_Add_Sub1|FourbitAdderSubtractor:FourbitAdderSubtractor2"
 10. Port Connectivity Checks: "BCD_X_Flag:add_instance|FourbitAdderSubtractor:FourbitAdderSubtractor1"
 11. Post-Synthesis Netlist Statistics for Top Partition
 12. Elapsed Time Per Partition
 13. Analysis & Synthesis Messages



----------------
; Legal Notice ;
----------------
Copyright (C) 2018  Intel Corporation. All rights reserved.
Your use of Intel Corporation's design tools, logic functions 
and other software and tools, and its AMPP partner logic 
functions, and any output files from any of the foregoing 
(including device programming or simulation files), and any 
associated documentation or information are expressly subject 
to the terms and conditions of the Intel Program License 
Subscription Agreement, the Intel Quartus Prime License Agreement,
the Intel FPGA IP License Agreement, or other applicable license
agreement, including, without limitation, that your use is for
the sole purpose of programming logic devices manufactured by
Intel and sold by Intel or its authorized distributors.  Please
refer to the applicable agreement for further details.



+----------------------------------------------------------------------------------+
; Analysis & Synthesis Summary                                                     ;
+------------------------------------+---------------------------------------------+
; Analysis & Synthesis Status        ; Successful - Thu Sep 28 12:13:43 2023       ;
; Quartus Prime Version              ; 18.1.0 Build 625 09/12/2018 SJ Lite Edition ;
; Revision Name                      ; DUT                                         ;
; Top-level Entity Name              ; DUT                                         ;
; Family                             ; MAX 10                                      ;
; Total logic elements               ; 30                                          ;
;     Total combinational functions  ; 30                                          ;
;     Dedicated logic registers      ; 0                                           ;
; Total registers                    ; 0                                           ;
; Total pins                         ; 17                                          ;
; Total virtual pins                 ; 0                                           ;
; Total memory bits                  ; 0                                           ;
; Embedded Multiplier 9-bit elements ; 0                                           ;
; Total PLLs                         ; 0                                           ;
; UFM blocks                         ; 0                                           ;
; ADC blocks                         ; 0                                           ;
+------------------------------------+---------------------------------------------+


+------------------------------------------------------------------------------------------------------------+
; Analysis & Synthesis Settings                                                                              ;
+------------------------------------------------------------------+--------------------+--------------------+
; Option                                                           ; Setting            ; Default Value      ;
+------------------------------------------------------------------+--------------------+--------------------+
; Device                                                           ; 10M25SAE144C8G     ;                    ;
; Top-level entity name                                            ; DUT                ; DUT                ;
; Family name                                                      ; MAX 10             ; Cyclone V          ;
; Use smart compilation                                            ; Off                ; Off                ;
; Enable parallel Assembler and Timing Analyzer during compilation ; On                 ; On                 ;
; Enable compact report table                                      ; Off                ; Off                ;
; Restructure Multiplexers                                         ; Auto               ; Auto               ;
; Create Debugging Nodes for IP Cores                              ; Off                ; Off                ;
; Preserve fewer node names                                        ; On                 ; On                 ;
; Intel FPGA IP Evaluation Mode                                    ; Enable             ; Enable             ;
; Verilog Version                                                  ; Verilog_2001       ; Verilog_2001       ;
; VHDL Version                                                     ; VHDL_1993          ; VHDL_1993          ;
; State Machine Processing                                         ; Auto               ; Auto               ;
; Safe State Machine                                               ; Off                ; Off                ;
; Extract Verilog State Machines                                   ; On                 ; On                 ;
; Extract VHDL State Machines                                      ; On                 ; On                 ;
; Ignore Verilog initial constructs                                ; Off                ; Off                ;
; Iteration limit for constant Verilog loops                       ; 5000               ; 5000               ;
; Iteration limit for non-constant Verilog loops                   ; 250                ; 250                ;
; Add Pass-Through Logic to Inferred RAMs                          ; On                 ; On                 ;
; Infer RAMs from Raw Logic                                        ; On                 ; On                 ;
; Parallel Synthesis                                               ; On                 ; On                 ;
; DSP Block Balancing                                              ; Auto               ; Auto               ;
; NOT Gate Push-Back                                               ; On                 ; On                 ;
; Power-Up Don't Care                                              ; On                 ; On                 ;
; Remove Redundant Logic Cells                                     ; Off                ; Off                ;
; Remove Duplicate Registers                                       ; On                 ; On                 ;
; Ignore CARRY Buffers                                             ; Off                ; Off                ;
; Ignore CASCADE Buffers                                           ; Off                ; Off                ;
; Ignore GLOBAL Buffers                                            ; Off                ; Off                ;
; Ignore ROW GLOBAL Buffers                                        ; Off                ; Off                ;
; Ignore LCELL Buffers                                             ; Off                ; Off                ;
; Ignore SOFT Buffers                                              ; On                 ; On                 ;
; Limit AHDL Integers to 32 Bits                                   ; Off                ; Off                ;
; Optimization Technique                                           ; Balanced           ; Balanced           ;
; Carry Chain Length                                               ; 70                 ; 70                 ;
; Auto Carry Chains                                                ; On                 ; On                 ;
; Auto Open-Drain Pins                                             ; On                 ; On                 ;
; Perform WYSIWYG Primitive Resynthesis                            ; Off                ; Off                ;
; Auto ROM Replacement                                             ; On                 ; On                 ;
; Auto RAM Replacement                                             ; On                 ; On                 ;
; Auto DSP Block Replacement                                       ; On                 ; On                 ;
; Auto Shift Register Replacement                                  ; Auto               ; Auto               ;
; Allow Shift Register Merging across Hierarchies                  ; Auto               ; Auto               ;
; Auto Clock Enable Replacement                                    ; On                 ; On                 ;
; Strict RAM Replacement                                           ; Off                ; Off                ;
; Allow Synchronous Control Signals                                ; On                 ; On                 ;
; Force Use of Synchronous Clear Signals                           ; Off                ; Off                ;
; Auto RAM Block Balancing                                         ; On                 ; On                 ;
; Auto RAM to Logic Cell Conversion                                ; Off                ; Off                ;
; Auto Resource Sharing                                            ; Off                ; Off                ;
; Allow Any RAM Size For Recognition                               ; Off                ; Off                ;
; Allow Any ROM Size For Recognition                               ; Off                ; Off                ;
; Allow Any Shift Register Size For Recognition                    ; Off                ; Off                ;
; Use LogicLock Constraints during Resource Balancing              ; On                 ; On                 ;
; Ignore translate_off and synthesis_off directives                ; Off                ; Off                ;
; Timing-Driven Synthesis                                          ; On                 ; On                 ;
; Report Parameter Settings                                        ; On                 ; On                 ;
; Report Source Assignments                                        ; On                 ; On                 ;
; Report Connectivity Checks                                       ; On                 ; On                 ;
; Ignore Maximum Fan-Out Assignments                               ; Off                ; Off                ;
; Synchronization Register Chain Length                            ; 2                  ; 2                  ;
; Power Optimization During Synthesis                              ; Normal compilation ; Normal compilation ;
; HDL message level                                                ; Level2             ; Level2             ;
; Suppress Register Optimization Related Messages                  ; Off                ; Off                ;
; Number of Removed Registers Reported in Synthesis Report         ; 5000               ; 5000               ;
; Number of Swept Nodes Reported in Synthesis Report               ; 5000               ; 5000               ;
; Number of Inverted Registers Reported in Synthesis Report        ; 100                ; 100                ;
; Clock MUX Protection                                             ; On                 ; On                 ;
; Auto Gated Clock Conversion                                      ; Off                ; Off                ;
; Block Design Naming                                              ; Auto               ; Auto               ;
; SDC constraint protection                                        ; Off                ; Off                ;
; Synthesis Effort                                                 ; Auto               ; Auto               ;
; Shift Register Replacement - Allow Asynchronous Clear Signal     ; On                 ; On                 ;
; Pre-Mapping Resynthesis Optimization                             ; Off                ; Off                ;
; Analysis & Synthesis Message Level                               ; Medium             ; Medium             ;
; Disable Register Merging Across Hierarchies                      ; Auto               ; Auto               ;
; Resource Aware Inference For Block RAM                           ; On                 ; On                 ;
+------------------------------------------------------------------+--------------------+--------------------+


+------------------------------------------+
; Parallel Compilation                     ;
+----------------------------+-------------+
; Processors                 ; Number      ;
+----------------------------+-------------+
; Number detected on machine ; 12          ;
; Maximum allowed            ; 8           ;
;                            ;             ;
; Average used               ; 1.00        ;
; Maximum used               ; 1           ;
;                            ;             ;
; Usage by Processor         ; % Time Used ;
;     Processor 1            ; 100.0%      ;
+----------------------------+-------------+


+----------------------------------------------------------------------------------------------------------------------------------------------------------------------------------------+
; Analysis & Synthesis Source Files Read                                                                                                                                                 ;
+-------------------------------------------------------+-----------------+-----------------+----------------------------------------------------------------------------------+---------+
; File Name with User-Entered Path                      ; Used in Netlist ; File Type       ; File Name with Absolute Path                                                     ; Library ;
+-------------------------------------------------------+-----------------+-----------------+----------------------------------------------------------------------------------+---------+
; ../../Lab0/Full_Adder.vhd                             ; yes             ; User VHDL File  ; D:/IIT-B/E.E. DD/2nd Year/EE 214/Lab0/Full_Adder.vhd                             ;         ;
; ../../4bitAdderSubtractor/FourbitAdderSubtractor.vhdl ; yes             ; User VHDL File  ; D:/IIT-B/E.E. DD/2nd Year/EE 214/4bitAdderSubtractor/FourbitAdderSubtractor.vhdl ;         ;
; ../Part(b)/BCD_X_Add_Sub.vhdl                         ; yes             ; User VHDL File  ; D:/IIT-B/E.E. DD/2nd Year/EE 214/22B3953_Swarup_Patil/Part(b)/BCD_X_Add_Sub.vhdl ;         ;
; ../Midsem/BCD_X.vhdl                                  ; yes             ; User VHDL File  ; D:/IIT-B/E.E. DD/2nd Year/EE 214/22B3953_Swarup_Patil/Midsem/BCD_X.vhdl          ;         ;
; Gates.vhdl                                            ; yes             ; User VHDL File  ; D:/IIT-B/E.E. DD/2nd Year/EE 214/22B3953_Swarup_Patil/Part(c)/Gates.vhdl         ;         ;
; DUT.vhdl                                              ; yes             ; User VHDL File  ; D:/IIT-B/E.E. DD/2nd Year/EE 214/22B3953_Swarup_Patil/Part(c)/DUT.vhdl           ;         ;
; BCD_X_Flag.vhd                                        ; yes             ; User VHDL File  ; D:/IIT-B/E.E. DD/2nd Year/EE 214/22B3953_Swarup_Patil/Part(c)/BCD_X_Flag.vhd     ;         ;
+-------------------------------------------------------+-----------------+-----------------+----------------------------------------------------------------------------------+---------+


+---------------------------------------------------------------------+
; Analysis & Synthesis Resource Usage Summary                         ;
+---------------------------------------------+-----------------------+
; Resource                                    ; Usage                 ;
+---------------------------------------------+-----------------------+
; Estimated Total logic elements              ; 30                    ;
;                                             ;                       ;
; Total combinational functions               ; 30                    ;
; Logic element usage by number of LUT inputs ;                       ;
;     -- 4 input functions                    ; 22                    ;
;     -- 3 input functions                    ; 4                     ;
;     -- <=2 input functions                  ; 4                     ;
;                                             ;                       ;
; Logic elements by mode                      ;                       ;
;     -- normal mode                          ; 30                    ;
;     -- arithmetic mode                      ; 0                     ;
;                                             ;                       ;
; Total registers                             ; 0                     ;
;     -- Dedicated logic registers            ; 0                     ;
;     -- I/O registers                        ; 0                     ;
;                                             ;                       ;
; I/O pins                                    ; 17                    ;
;                                             ;                       ;
; Embedded Multiplier 9-bit elements          ; 0                     ;
;                                             ;                       ;
; Maximum fan-out node                        ; input_vector[0]~input ;
; Maximum fan-out                             ; 16                    ;
; Total fan-out                               ; 133                   ;
; Average fan-out                             ; 2.08                  ;
+---------------------------------------------+-----------------------+


+----------------------------------------------------------------------------------------------------------------------------------------------------------------------------------------------------------------------------------------------------------------------------------------------------------------------------------------------------------------------------------------------------------------+
; Analysis & Synthesis Resource Utilization by Entity                                                                                                                                                                                                                                                                                                                                                            ;
+-----------------------------------------------------------+---------------------+---------------------------+-------------+------------+--------------+---------+-----------+------+--------------+------------+-------------------------------------------------------------------------------------------------------------------------------------------------------+------------------------+--------------+
; Compilation Hierarchy Node                                ; Combinational ALUTs ; Dedicated Logic Registers ; Memory Bits ; UFM Blocks ; DSP Elements ; DSP 9x9 ; DSP 18x18 ; Pins ; Virtual Pins ; ADC blocks ; Full Hierarchy Name                                                                                                                                   ; Entity Name            ; Library Name ;
+-----------------------------------------------------------+---------------------+---------------------------+-------------+------------+--------------+---------+-----------+------+--------------+------------+-------------------------------------------------------------------------------------------------------------------------------------------------------+------------------------+--------------+
; |DUT                                                      ; 30 (0)              ; 0 (0)                     ; 0           ; 0          ; 0            ; 0       ; 0         ; 17   ; 0            ; 0          ; |DUT                                                                                                                                                  ; DUT                    ; work         ;
;    |BCD_X_Flag:add_instance|                              ; 30 (0)              ; 0 (0)                     ; 0           ; 0          ; 0            ; 0       ; 0         ; 0    ; 0            ; 0          ; |DUT|BCD_X_Flag:add_instance                                                                                                                          ; BCD_X_Flag             ; work         ;
;       |BCD_X_Add_Sub:BCD_X_Add_Sub2|                      ; 23 (0)              ; 0 (0)                     ; 0           ; 0          ; 0            ; 0       ; 0         ; 0    ; 0            ; 0          ; |DUT|BCD_X_Flag:add_instance|BCD_X_Add_Sub:BCD_X_Add_Sub2                                                                                             ; BCD_X_Add_Sub          ; work         ;
;          |AND_2:AND1|                                     ; 1 (1)               ; 0 (0)                     ; 0           ; 0          ; 0            ; 0       ; 0         ; 0    ; 0            ; 0          ; |DUT|BCD_X_Flag:add_instance|BCD_X_Add_Sub:BCD_X_Add_Sub2|AND_2:AND1                                                                                  ; AND_2                  ; work         ;
;          |AND_2:AND2|                                     ; 1 (1)               ; 0 (0)                     ; 0           ; 0          ; 0            ; 0       ; 0         ; 0    ; 0            ; 0          ; |DUT|BCD_X_Flag:add_instance|BCD_X_Add_Sub:BCD_X_Add_Sub2|AND_2:AND2                                                                                  ; AND_2                  ; work         ;
;          |BCD_X:bcd_x1|                                   ; 3 (0)               ; 0 (0)                     ; 0           ; 0          ; 0            ; 0       ; 0         ; 0    ; 0            ; 0          ; |DUT|BCD_X_Flag:add_instance|BCD_X_Add_Sub:BCD_X_Add_Sub2|BCD_X:bcd_x1                                                                                ; BCD_X                  ; work         ;
;             |OR_2:OR2|                                    ; 1 (1)               ; 0 (0)                     ; 0           ; 0          ; 0            ; 0       ; 0         ; 0    ; 0            ; 0          ; |DUT|BCD_X_Flag:add_instance|BCD_X_Add_Sub:BCD_X_Add_Sub2|BCD_X:bcd_x1|OR_2:OR2                                                                       ; OR_2                   ; work         ;
;             |OR_2:OR3|                                    ; 1 (1)               ; 0 (0)                     ; 0           ; 0          ; 0            ; 0       ; 0         ; 0    ; 0            ; 0          ; |DUT|BCD_X_Flag:add_instance|BCD_X_Add_Sub:BCD_X_Add_Sub2|BCD_X:bcd_x1|OR_2:OR3                                                                       ; OR_2                   ; work         ;
;             |XOR_2:XOR1|                                  ; 1 (1)               ; 0 (0)                     ; 0           ; 0          ; 0            ; 0       ; 0         ; 0    ; 0            ; 0          ; |DUT|BCD_X_Flag:add_instance|BCD_X_Add_Sub:BCD_X_Add_Sub2|BCD_X:bcd_x1|XOR_2:XOR1                                                                     ; XOR_2                  ; work         ;
;          |BCD_X:bcd_x2|                                   ; 1 (0)               ; 0 (0)                     ; 0           ; 0          ; 0            ; 0       ; 0         ; 0    ; 0            ; 0          ; |DUT|BCD_X_Flag:add_instance|BCD_X_Add_Sub:BCD_X_Add_Sub2|BCD_X:bcd_x2                                                                                ; BCD_X                  ; work         ;
;             |OR_2:OR2|                                    ; 1 (1)               ; 0 (0)                     ; 0           ; 0          ; 0            ; 0       ; 0         ; 0    ; 0            ; 0          ; |DUT|BCD_X_Flag:add_instance|BCD_X_Add_Sub:BCD_X_Add_Sub2|BCD_X:bcd_x2|OR_2:OR2                                                                       ; OR_2                   ; work         ;
;          |FourbitAdderSubtractor:FourbitAdderSubtractor1| ; 8 (0)               ; 0 (0)                     ; 0           ; 0          ; 0            ; 0       ; 0         ; 0    ; 0            ; 0          ; |DUT|BCD_X_Flag:add_instance|BCD_X_Add_Sub:BCD_X_Add_Sub2|FourbitAdderSubtractor:FourbitAdderSubtractor1                                              ; FourbitAdderSubtractor ; work         ;
;             |Full_adder:fulladder1|                       ; 1 (0)               ; 0 (0)                     ; 0           ; 0          ; 0            ; 0       ; 0         ; 0    ; 0            ; 0          ; |DUT|BCD_X_Flag:add_instance|BCD_X_Add_Sub:BCD_X_Add_Sub2|FourbitAdderSubtractor:FourbitAdderSubtractor1|Full_adder:fulladder1                        ; Full_adder             ; work         ;
;                |OR_2:OR1|                                 ; 1 (1)               ; 0 (0)                     ; 0           ; 0          ; 0            ; 0       ; 0         ; 0    ; 0            ; 0          ; |DUT|BCD_X_Flag:add_instance|BCD_X_Add_Sub:BCD_X_Add_Sub2|FourbitAdderSubtractor:FourbitAdderSubtractor1|Full_adder:fulladder1|OR_2:OR1               ; OR_2                   ; work         ;
;             |Full_adder:fulladder2|                       ; 3 (0)               ; 0 (0)                     ; 0           ; 0          ; 0            ; 0       ; 0         ; 0    ; 0            ; 0          ; |DUT|BCD_X_Flag:add_instance|BCD_X_Add_Sub:BCD_X_Add_Sub2|FourbitAdderSubtractor:FourbitAdderSubtractor1|Full_adder:fulladder2                        ; Full_adder             ; work         ;
;                |HALF_ADDER:Half_adder1|                   ; 2 (2)               ; 0 (0)                     ; 0           ; 0          ; 0            ; 0       ; 0         ; 0    ; 0            ; 0          ; |DUT|BCD_X_Flag:add_instance|BCD_X_Add_Sub:BCD_X_Add_Sub2|FourbitAdderSubtractor:FourbitAdderSubtractor1|Full_adder:fulladder2|HALF_ADDER:Half_adder1 ; HALF_ADDER             ; work         ;
;                |HALF_ADDER:Half_adder2|                   ; 1 (1)               ; 0 (0)                     ; 0           ; 0          ; 0            ; 0       ; 0         ; 0    ; 0            ; 0          ; |DUT|BCD_X_Flag:add_instance|BCD_X_Add_Sub:BCD_X_Add_Sub2|FourbitAdderSubtractor:FourbitAdderSubtractor1|Full_adder:fulladder2|HALF_ADDER:Half_adder2 ; HALF_ADDER             ; work         ;
;             |Full_adder:fulladder3|                       ; 1 (0)               ; 0 (0)                     ; 0           ; 0          ; 0            ; 0       ; 0         ; 0    ; 0            ; 0          ; |DUT|BCD_X_Flag:add_instance|BCD_X_Add_Sub:BCD_X_Add_Sub2|FourbitAdderSubtractor:FourbitAdderSubtractor1|Full_adder:fulladder3                        ; Full_adder             ; work         ;
;                |OR_2:OR1|                                 ; 1 (1)               ; 0 (0)                     ; 0           ; 0          ; 0            ; 0       ; 0         ; 0    ; 0            ; 0          ; |DUT|BCD_X_Flag:add_instance|BCD_X_Add_Sub:BCD_X_Add_Sub2|FourbitAdderSubtractor:FourbitAdderSubtractor1|Full_adder:fulladder3|OR_2:OR1               ; OR_2                   ; work         ;
;             |Full_adder:fulladder4|                       ; 1 (0)               ; 0 (0)                     ; 0           ; 0          ; 0            ; 0       ; 0         ; 0    ; 0            ; 0          ; |DUT|BCD_X_Flag:add_instance|BCD_X_Add_Sub:BCD_X_Add_Sub2|FourbitAdderSubtractor:FourbitAdderSubtractor1|Full_adder:fulladder4                        ; Full_adder             ; work         ;
;                |OR_2:OR1|                                 ; 1 (1)               ; 0 (0)                     ; 0           ; 0          ; 0            ; 0       ; 0         ; 0    ; 0            ; 0          ; |DUT|BCD_X_Flag:add_instance|BCD_X_Add_Sub:BCD_X_Add_Sub2|FourbitAdderSubtractor:FourbitAdderSubtractor1|Full_adder:fulladder4|OR_2:OR1               ; OR_2                   ; work         ;
;             |XOR_2:xor2|                                  ; 1 (1)               ; 0 (0)                     ; 0           ; 0          ; 0            ; 0       ; 0         ; 0    ; 0            ; 0          ; |DUT|BCD_X_Flag:add_instance|BCD_X_Add_Sub:BCD_X_Add_Sub2|FourbitAdderSubtractor:FourbitAdderSubtractor1|XOR_2:xor2                                   ; XOR_2                  ; work         ;
;             |XOR_2:xor3|                                  ; 1 (1)               ; 0 (0)                     ; 0           ; 0          ; 0            ; 0       ; 0         ; 0    ; 0            ; 0          ; |DUT|BCD_X_Flag:add_instance|BCD_X_Add_Sub:BCD_X_Add_Sub2|FourbitAdderSubtractor:FourbitAdderSubtractor1|XOR_2:xor3                                   ; XOR_2                  ; work         ;
;          |FourbitAdderSubtractor:FourbitAdderSubtractor2| ; 9 (0)               ; 0 (0)                     ; 0           ; 0          ; 0            ; 0       ; 0         ; 0    ; 0            ; 0          ; |DUT|BCD_X_Flag:add_instance|BCD_X_Add_Sub:BCD_X_Add_Sub2|FourbitAdderSubtractor:FourbitAdderSubtractor2                                              ; FourbitAdderSubtractor ; work         ;
;             |Full_adder:fulladder1|                       ; 1 (0)               ; 0 (0)                     ; 0           ; 0          ; 0            ; 0       ; 0         ; 0    ; 0            ; 0          ; |DUT|BCD_X_Flag:add_instance|BCD_X_Add_Sub:BCD_X_Add_Sub2|FourbitAdderSubtractor:FourbitAdderSubtractor2|Full_adder:fulladder1                        ; Full_adder             ; work         ;
;                |HALF_ADDER:Half_adder2|                   ; 1 (1)               ; 0 (0)                     ; 0           ; 0          ; 0            ; 0       ; 0         ; 0    ; 0            ; 0          ; |DUT|BCD_X_Flag:add_instance|BCD_X_Add_Sub:BCD_X_Add_Sub2|FourbitAdderSubtractor:FourbitAdderSubtractor2|Full_adder:fulladder1|HALF_ADDER:Half_adder2 ; HALF_ADDER             ; work         ;
;             |Full_adder:fulladder2|                       ; 2 (0)               ; 0 (0)                     ; 0           ; 0          ; 0            ; 0       ; 0         ; 0    ; 0            ; 0          ; |DUT|BCD_X_Flag:add_instance|BCD_X_Add_Sub:BCD_X_Add_Sub2|FourbitAdderSubtractor:FourbitAdderSubtractor2|Full_adder:fulladder2                        ; Full_adder             ; work         ;
;                |HALF_ADDER:Half_adder2|                   ; 1 (1)               ; 0 (0)                     ; 0           ; 0          ; 0            ; 0       ; 0         ; 0    ; 0            ; 0          ; |DUT|BCD_X_Flag:add_instance|BCD_X_Add_Sub:BCD_X_Add_Sub2|FourbitAdderSubtractor:FourbitAdderSubtractor2|Full_adder:fulladder2|HALF_ADDER:Half_adder2 ; HALF_ADDER             ; work         ;
;                |OR_2:OR1|                                 ; 1 (1)               ; 0 (0)                     ; 0           ; 0          ; 0            ; 0       ; 0         ; 0    ; 0            ; 0          ; |DUT|BCD_X_Flag:add_instance|BCD_X_Add_Sub:BCD_X_Add_Sub2|FourbitAdderSubtractor:FourbitAdderSubtractor2|Full_adder:fulladder2|OR_2:OR1               ; OR_2                   ; work         ;
;             |Full_adder:fulladder3|                       ; 1 (0)               ; 0 (0)                     ; 0           ; 0          ; 0            ; 0       ; 0         ; 0    ; 0            ; 0          ; |DUT|BCD_X_Flag:add_instance|BCD_X_Add_Sub:BCD_X_Add_Sub2|FourbitAdderSubtractor:FourbitAdderSubtractor2|Full_adder:fulladder3                        ; Full_adder             ; work         ;
;                |HALF_ADDER:Half_adder2|                   ; 1 (1)               ; 0 (0)                     ; 0           ; 0          ; 0            ; 0       ; 0         ; 0    ; 0            ; 0          ; |DUT|BCD_X_Flag:add_instance|BCD_X_Add_Sub:BCD_X_Add_Sub2|FourbitAdderSubtractor:FourbitAdderSubtractor2|Full_adder:fulladder3|HALF_ADDER:Half_adder2 ; HALF_ADDER             ; work         ;
;             |Full_adder:fulladder4|                       ; 3 (0)               ; 0 (0)                     ; 0           ; 0          ; 0            ; 0       ; 0         ; 0    ; 0            ; 0          ; |DUT|BCD_X_Flag:add_instance|BCD_X_Add_Sub:BCD_X_Add_Sub2|FourbitAdderSubtractor:FourbitAdderSubtractor2|Full_adder:fulladder4                        ; Full_adder             ; work         ;
;                |HALF_ADDER:Half_adder2|                   ; 3 (3)               ; 0 (0)                     ; 0           ; 0          ; 0            ; 0       ; 0         ; 0    ; 0            ; 0          ; |DUT|BCD_X_Flag:add_instance|BCD_X_Add_Sub:BCD_X_Add_Sub2|FourbitAdderSubtractor:FourbitAdderSubtractor2|Full_adder:fulladder4|HALF_ADDER:Half_adder2 ; HALF_ADDER             ; work         ;
;             |XOR_2:xor2|                                  ; 1 (1)               ; 0 (0)                     ; 0           ; 0          ; 0            ; 0       ; 0         ; 0    ; 0            ; 0          ; |DUT|BCD_X_Flag:add_instance|BCD_X_Add_Sub:BCD_X_Add_Sub2|FourbitAdderSubtractor:FourbitAdderSubtractor2|XOR_2:xor2                                   ; XOR_2                  ; work         ;
;             |XOR_2:xor3|                                  ; 1 (1)               ; 0 (0)                     ; 0           ; 0          ; 0            ; 0       ; 0         ; 0    ; 0            ; 0          ; |DUT|BCD_X_Flag:add_instance|BCD_X_Add_Sub:BCD_X_Add_Sub2|FourbitAdderSubtractor:FourbitAdderSubtractor2|XOR_2:xor3                                   ; XOR_2                  ; work         ;
;       |NOR_5:NOR1|                                        ; 2 (2)               ; 0 (0)                     ; 0           ; 0          ; 0            ; 0       ; 0         ; 0    ; 0            ; 0          ; |DUT|BCD_X_Flag:add_instance|NOR_5:NOR1                                                                                                               ; NOR_5                  ; work         ;
;       |XOR_5:XOR1|                                        ; 5 (5)               ; 0 (0)                     ; 0           ; 0          ; 0            ; 0       ; 0         ; 0    ; 0            ; 0          ; |DUT|BCD_X_Flag:add_instance|XOR_5:XOR1                                                                                                               ; XOR_5                  ; work         ;
+-----------------------------------------------------------+---------------------+---------------------------+-------------+------------+--------------+---------+-----------+------+--------------+------------+-------------------------------------------------------------------------------------------------------------------------------------------------------+------------------------+--------------+
Note: For table entries with two numbers listed, the numbers in parentheses indicate the number of resources of the given type used by the specific entity alone. The numbers listed outside of parentheses indicate the total resources of the given type used by the specific entity and all of its sub-entities in the hierarchy.


+------------------------------------------------------+
; General Register Statistics                          ;
+----------------------------------------------+-------+
; Statistic                                    ; Value ;
+----------------------------------------------+-------+
; Total registers                              ; 0     ;
; Number of registers using Synchronous Clear  ; 0     ;
; Number of registers using Synchronous Load   ; 0     ;
; Number of registers using Asynchronous Clear ; 0     ;
; Number of registers using Asynchronous Load  ; 0     ;
; Number of registers using Clock Enable       ; 0     ;
; Number of registers using Preset             ; 0     ;
+----------------------------------------------+-------+


+---------------------------------------------------------------------------------------------------------------------------------+
; Port Connectivity Checks: "BCD_X_Flag:add_instance|BCD_X_Add_Sub:BCD_X_Add_Sub1|FourbitAdderSubtractor:FourbitAdderSubtractor2" ;
+------+--------+----------+------------------------------------------------------------------------------------------------------+
; Port ; Type   ; Severity ; Details                                                                                              ;
+------+--------+----------+------------------------------------------------------------------------------------------------------+
; a2   ; Input  ; Info     ; Stuck at GND                                                                                         ;
; a0   ; Input  ; Info     ; Stuck at GND                                                                                         ;
; cout ; Output ; Info     ; Connected to dangling logic. Logic that only feeds a dangling port will be removed.                  ;
+------+--------+----------+------------------------------------------------------------------------------------------------------+


+----------------------------------------------------------------------------------------------------------------+
; Port Connectivity Checks: "BCD_X_Flag:add_instance|FourbitAdderSubtractor:FourbitAdderSubtractor1"             ;
+------+--------+----------+-------------------------------------------------------------------------------------+
; Port ; Type   ; Severity ; Details                                                                             ;
+------+--------+----------+-------------------------------------------------------------------------------------+
; s3   ; Output ; Info     ; Connected to dangling logic. Logic that only feeds a dangling port will be removed. ;
; s2   ; Output ; Info     ; Connected to dangling logic. Logic that only feeds a dangling port will be removed. ;
; s1   ; Output ; Info     ; Connected to dangling logic. Logic that only feeds a dangling port will be removed. ;
; s0   ; Output ; Info     ; Connected to dangling logic. Logic that only feeds a dangling port will be removed. ;
+------+--------+----------+-------------------------------------------------------------------------------------+


+-----------------------------------------------------+
; Post-Synthesis Netlist Statistics for Top Partition ;
+-----------------------+-----------------------------+
; Type                  ; Count                       ;
+-----------------------+-----------------------------+
; boundary_port         ; 17                          ;
; cycloneiii_lcell_comb ; 34                          ;
;     normal            ; 34                          ;
;         1 data inputs ; 4                           ;
;         2 data inputs ; 4                           ;
;         3 data inputs ; 4                           ;
;         4 data inputs ; 22                          ;
;                       ;                             ;
; Max LUT depth         ; 10.00                       ;
; Average LUT depth     ; 8.65                        ;
+-----------------------+-----------------------------+


+-------------------------------+
; Elapsed Time Per Partition    ;
+----------------+--------------+
; Partition Name ; Elapsed Time ;
+----------------+--------------+
; Top            ; 00:00:00     ;
+----------------+--------------+


+-------------------------------+
; Analysis & Synthesis Messages ;
+-------------------------------+
Info: *******************************************************************
Info: Running Quartus Prime Analysis & Synthesis
    Info: Version 18.1.0 Build 625 09/12/2018 SJ Lite Edition
    Info: Processing started: Thu Sep 28 12:13:32 2023
Info: Command: quartus_map --read_settings_files=on --write_settings_files=off BCD_X_Flag -c DUT
Warning (18236): Number of processors has not been specified which may cause overloading on shared machines.  Set the global assignment NUM_PARALLEL_PROCESSORS in your QSF to an appropriate value for best performance.
Info (20030): Parallel compilation is enabled and will use 8 of the 8 processors detected
Info (12021): Found 2 design units, including 1 entities, in source file /iit-b/e.e. dd/2nd year/ee 214/lab0/full_adder.vhd
    Info (12022): Found design unit 1: Full_adder-Struct File: D:/IIT-B/E.E. DD/2nd Year/EE 214/Lab0/Full_Adder.vhd Line: 10
    Info (12023): Found entity 1: Full_adder File: D:/IIT-B/E.E. DD/2nd Year/EE 214/Lab0/Full_Adder.vhd Line: 6
Info (12021): Found 2 design units, including 1 entities, in source file /iit-b/e.e. dd/2nd year/ee 214/4bitaddersubtractor/fourbitaddersubtractor.vhdl
    Info (12022): Found design unit 1: FourbitAdderSubtractor-Struct File: D:/IIT-B/E.E. DD/2nd Year/EE 214/4bitAdderSubtractor/FourbitAdderSubtractor.vhdl Line: 10
    Info (12023): Found entity 1: FourbitAdderSubtractor File: D:/IIT-B/E.E. DD/2nd Year/EE 214/4bitAdderSubtractor/FourbitAdderSubtractor.vhdl Line: 6
Info (12021): Found 2 design units, including 1 entities, in source file /iit-b/e.e. dd/2nd year/ee 214/22b3953_swarup_patil/part(b)/bcd_x_add_sub.vhdl
    Info (12022): Found design unit 1: BCD_X_Add_Sub-Struct File: D:/IIT-B/E.E. DD/2nd Year/EE 214/22B3953_Swarup_Patil/Part(b)/BCD_X_Add_Sub.vhdl Line: 14
    Info (12023): Found entity 1: BCD_X_Add_Sub File: D:/IIT-B/E.E. DD/2nd Year/EE 214/22B3953_Swarup_Patil/Part(b)/BCD_X_Add_Sub.vhdl Line: 6
Info (12021): Found 2 design units, including 1 entities, in source file /iit-b/e.e. dd/2nd year/ee 214/22b3953_swarup_patil/midsem/bcd_x.vhdl
    Info (12022): Found design unit 1: BCD_X-Struct File: D:/IIT-B/E.E. DD/2nd Year/EE 214/22B3953_Swarup_Patil/Midsem/BCD_X.vhdl Line: 11
    Info (12023): Found entity 1: BCD_X File: D:/IIT-B/E.E. DD/2nd Year/EE 214/22B3953_Swarup_Patil/Midsem/BCD_X.vhdl Line: 6
Info (12021): Found 2 design units, including 1 entities, in source file testbench.vhdl
    Info (12022): Found design unit 1: Testbench-Behave File: D:/IIT-B/E.E. DD/2nd Year/EE 214/22B3953_Swarup_Patil/Part(c)/Testbench.vhdl Line: 9
    Info (12023): Found entity 1: Testbench File: D:/IIT-B/E.E. DD/2nd Year/EE 214/22B3953_Swarup_Patil/Part(c)/Testbench.vhdl Line: 7
Info (12021): Found 25 design units, including 12 entities, in source file gates.vhdl
    Info (12022): Found design unit 1: Gates File: D:/IIT-B/E.E. DD/2nd Year/EE 214/22B3953_Swarup_Patil/Part(c)/Gates.vhdl Line: 3
    Info (12022): Found design unit 2: INVERTER-Equations File: D:/IIT-B/E.E. DD/2nd Year/EE 214/22B3953_Swarup_Patil/Part(c)/Gates.vhdl Line: 61
    Info (12022): Found design unit 3: AND_2-Equations File: D:/IIT-B/E.E. DD/2nd Year/EE 214/22B3953_Swarup_Patil/Part(c)/Gates.vhdl Line: 73
    Info (12022): Found design unit 4: AND_3-Equations File: D:/IIT-B/E.E. DD/2nd Year/EE 214/22B3953_Swarup_Patil/Part(c)/Gates.vhdl Line: 84
    Info (12022): Found design unit 5: NAND_2-Equations File: D:/IIT-B/E.E. DD/2nd Year/EE 214/22B3953_Swarup_Patil/Part(c)/Gates.vhdl Line: 95
    Info (12022): Found design unit 6: OR_2-Equations File: D:/IIT-B/E.E. DD/2nd Year/EE 214/22B3953_Swarup_Patil/Part(c)/Gates.vhdl Line: 106
    Info (12022): Found design unit 7: OR_3-Equations File: D:/IIT-B/E.E. DD/2nd Year/EE 214/22B3953_Swarup_Patil/Part(c)/Gates.vhdl Line: 117
    Info (12022): Found design unit 8: NOR_2-Equations File: D:/IIT-B/E.E. DD/2nd Year/EE 214/22B3953_Swarup_Patil/Part(c)/Gates.vhdl Line: 128
    Info (12022): Found design unit 9: NOR_5-Equations File: D:/IIT-B/E.E. DD/2nd Year/EE 214/22B3953_Swarup_Patil/Part(c)/Gates.vhdl Line: 139
    Info (12022): Found design unit 10: XOR_2-Equations File: D:/IIT-B/E.E. DD/2nd Year/EE 214/22B3953_Swarup_Patil/Part(c)/Gates.vhdl Line: 151
    Info (12022): Found design unit 11: XOR_5-Equations File: D:/IIT-B/E.E. DD/2nd Year/EE 214/22B3953_Swarup_Patil/Part(c)/Gates.vhdl Line: 162
    Info (12022): Found design unit 12: XNOR_2-Equations File: D:/IIT-B/E.E. DD/2nd Year/EE 214/22B3953_Swarup_Patil/Part(c)/Gates.vhdl Line: 173
    Info (12022): Found design unit 13: HALF_ADDER-Equations File: D:/IIT-B/E.E. DD/2nd Year/EE 214/22B3953_Swarup_Patil/Part(c)/Gates.vhdl Line: 184
    Info (12023): Found entity 1: INVERTER File: D:/IIT-B/E.E. DD/2nd Year/EE 214/22B3953_Swarup_Patil/Part(c)/Gates.vhdl Line: 57
    Info (12023): Found entity 2: AND_2 File: D:/IIT-B/E.E. DD/2nd Year/EE 214/22B3953_Swarup_Patil/Part(c)/Gates.vhdl Line: 69
    Info (12023): Found entity 3: AND_3 File: D:/IIT-B/E.E. DD/2nd Year/EE 214/22B3953_Swarup_Patil/Part(c)/Gates.vhdl Line: 80
    Info (12023): Found entity 4: NAND_2 File: D:/IIT-B/E.E. DD/2nd Year/EE 214/22B3953_Swarup_Patil/Part(c)/Gates.vhdl Line: 91
    Info (12023): Found entity 5: OR_2 File: D:/IIT-B/E.E. DD/2nd Year/EE 214/22B3953_Swarup_Patil/Part(c)/Gates.vhdl Line: 102
    Info (12023): Found entity 6: OR_3 File: D:/IIT-B/E.E. DD/2nd Year/EE 214/22B3953_Swarup_Patil/Part(c)/Gates.vhdl Line: 113
    Info (12023): Found entity 7: NOR_2 File: D:/IIT-B/E.E. DD/2nd Year/EE 214/22B3953_Swarup_Patil/Part(c)/Gates.vhdl Line: 124
    Info (12023): Found entity 8: NOR_5 File: D:/IIT-B/E.E. DD/2nd Year/EE 214/22B3953_Swarup_Patil/Part(c)/Gates.vhdl Line: 135
    Info (12023): Found entity 9: XOR_2 File: D:/IIT-B/E.E. DD/2nd Year/EE 214/22B3953_Swarup_Patil/Part(c)/Gates.vhdl Line: 147
    Info (12023): Found entity 10: XOR_5 File: D:/IIT-B/E.E. DD/2nd Year/EE 214/22B3953_Swarup_Patil/Part(c)/Gates.vhdl Line: 158
    Info (12023): Found entity 11: XNOR_2 File: D:/IIT-B/E.E. DD/2nd Year/EE 214/22B3953_Swarup_Patil/Part(c)/Gates.vhdl Line: 169
    Info (12023): Found entity 12: HALF_ADDER File: D:/IIT-B/E.E. DD/2nd Year/EE 214/22B3953_Swarup_Patil/Part(c)/Gates.vhdl Line: 180
Info (12021): Found 2 design units, including 1 entities, in source file dut.vhdl
    Info (12022): Found design unit 1: DUT-DutWrap File: D:/IIT-B/E.E. DD/2nd Year/EE 214/22B3953_Swarup_Patil/Part(c)/DUT.vhdl Line: 12
    Info (12023): Found entity 1: DUT File: D:/IIT-B/E.E. DD/2nd Year/EE 214/22B3953_Swarup_Patil/Part(c)/DUT.vhdl Line: 7
Info (12021): Found 2 design units, including 1 entities, in source file bcd_x_flag.vhd
    Info (12022): Found design unit 1: BCD_X_Flag-Struct File: D:/IIT-B/E.E. DD/2nd Year/EE 214/22B3953_Swarup_Patil/Part(c)/BCD_X_Flag.vhd Line: 15
    Info (12023): Found entity 1: BCD_X_Flag File: D:/IIT-B/E.E. DD/2nd Year/EE 214/22B3953_Swarup_Patil/Part(c)/BCD_X_Flag.vhd Line: 6
Info (12127): Elaborating entity "DUT" for the top level hierarchy
Info (12128): Elaborating entity "BCD_X_Flag" for hierarchy "BCD_X_Flag:add_instance" File: D:/IIT-B/E.E. DD/2nd Year/EE 214/22B3953_Swarup_Patil/Part(c)/DUT.vhdl Line: 25
Info (12128): Elaborating entity "BCD_X" for hierarchy "BCD_X_Flag:add_instance|BCD_X:BCD_X1" File: D:/IIT-B/E.E. DD/2nd Year/EE 214/22B3953_Swarup_Patil/Part(c)/BCD_X_Flag.vhd Line: 48
Info (12128): Elaborating entity "INVERTER" for hierarchy "BCD_X_Flag:add_instance|BCD_X:BCD_X1|INVERTER:NOT1" File: D:/IIT-B/E.E. DD/2nd Year/EE 214/22B3953_Swarup_Patil/Midsem/BCD_X.vhdl Line: 16
Info (12128): Elaborating entity "XOR_2" for hierarchy "BCD_X_Flag:add_instance|BCD_X:BCD_X1|XOR_2:XOR1" File: D:/IIT-B/E.E. DD/2nd Year/EE 214/22B3953_Swarup_Patil/Midsem/BCD_X.vhdl Line: 18
Info (12128): Elaborating entity "OR_2" for hierarchy "BCD_X_Flag:add_instance|BCD_X:BCD_X1|OR_2:OR1" File: D:/IIT-B/E.E. DD/2nd Year/EE 214/22B3953_Swarup_Patil/Midsem/BCD_X.vhdl Line: 23
Info (12128): Elaborating entity "AND_2" for hierarchy "BCD_X_Flag:add_instance|BCD_X:BCD_X1|AND_2:AND1" File: D:/IIT-B/E.E. DD/2nd Year/EE 214/22B3953_Swarup_Patil/Midsem/BCD_X.vhdl Line: 24
Info (12128): Elaborating entity "AND_3" for hierarchy "BCD_X_Flag:add_instance|BCD_X:BCD_X1|AND_3:AND3" File: D:/IIT-B/E.E. DD/2nd Year/EE 214/22B3953_Swarup_Patil/Midsem/BCD_X.vhdl Line: 31
Info (12128): Elaborating entity "FourbitAdderSubtractor" for hierarchy "BCD_X_Flag:add_instance|FourbitAdderSubtractor:FourbitAdderSubtractor1" File: D:/IIT-B/E.E. DD/2nd Year/EE 214/22B3953_Swarup_Patil/Part(c)/BCD_X_Flag.vhd Line: 50
Info (12128): Elaborating entity "Full_adder" for hierarchy "BCD_X_Flag:add_instance|FourbitAdderSubtractor:FourbitAdderSubtractor1|Full_adder:fulladder1" File: D:/IIT-B/E.E. DD/2nd Year/EE 214/4bitAdderSubtractor/FourbitAdderSubtractor.vhdl Line: 20
Info (12128): Elaborating entity "HALF_ADDER" for hierarchy "BCD_X_Flag:add_instance|FourbitAdderSubtractor:FourbitAdderSubtractor1|Full_adder:fulladder1|HALF_ADDER:Half_adder1" File: D:/IIT-B/E.E. DD/2nd Year/EE 214/Lab0/Full_Adder.vhd Line: 16
Info (12128): Elaborating entity "BCD_X_Add_Sub" for hierarchy "BCD_X_Flag:add_instance|BCD_X_Add_Sub:BCD_X_Add_Sub1" File: D:/IIT-B/E.E. DD/2nd Year/EE 214/22B3953_Swarup_Patil/Part(c)/BCD_X_Flag.vhd Line: 51
Warning (10036): Verilog HDL or VHDL warning at BCD_X_Add_Sub.vhdl(16): object "L" assigned a value but never read File: D:/IIT-B/E.E. DD/2nd Year/EE 214/22B3953_Swarup_Patil/Part(b)/BCD_X_Add_Sub.vhdl Line: 16
Info (12128): Elaborating entity "NOR_2" for hierarchy "BCD_X_Flag:add_instance|BCD_X_Add_Sub:BCD_X_Add_Sub1|NOR_2:NOR1" File: D:/IIT-B/E.E. DD/2nd Year/EE 214/22B3953_Swarup_Patil/Part(b)/BCD_X_Add_Sub.vhdl Line: 42
Info (12128): Elaborating entity "NOR_5" for hierarchy "BCD_X_Flag:add_instance|NOR_5:NOR1" File: D:/IIT-B/E.E. DD/2nd Year/EE 214/22B3953_Swarup_Patil/Part(c)/BCD_X_Flag.vhd Line: 53
Info (12128): Elaborating entity "XOR_5" for hierarchy "BCD_X_Flag:add_instance|XOR_5:XOR1" File: D:/IIT-B/E.E. DD/2nd Year/EE 214/22B3953_Swarup_Patil/Part(c)/BCD_X_Flag.vhd Line: 54
Info (286030): Timing-Driven Synthesis is running
Info (16010): Generating hard_block partition "hard_block:auto_generated_inst"
    Info (16011): Adding 0 node(s), including 0 DDIO, 0 PLL, 0 transceiver and 0 LCELL
Info (21057): Implemented 47 device resources after synthesis - the final resource count might be different
    Info (21058): Implemented 9 input pins
    Info (21059): Implemented 8 output pins
    Info (21061): Implemented 30 logic cells
Info: Quartus Prime Analysis & Synthesis was successful. 0 errors, 2 warnings
    Info: Peak virtual memory: 4797 megabytes
    Info: Processing ended: Thu Sep 28 12:13:43 2023
    Info: Elapsed time: 00:00:11
    Info: Total CPU time (on all processors): 00:00:09


